<?xml version="1.0" encoding="UTF-8"?>
<!-- Generated by org.testng.reporters.JUnitReportReporter -->
<testsuite hostname="MWDH-Work2" failures="0" tests="1" name="ass2W9D4.ChromeWebDriverAss2W9D4" time="13.514" errors="0" timestamp="2022-08-03T21:26:07 AST" skipped="0">
  <testcase classname="ass2W9D4.ChromeWebDriverAss2W9D4" name="LearnEnglishWebSite" time="13.514"/>
  <system-out/>
</testsuite> <!-- ass2W9D4.ChromeWebDriverAss2W9D4 -->
